2025-04-03 10:59:33 PM morph_gac1000  coins-distinct-4     51.93s
2025-04-03 11:02:36 PM morph_gac1000  coins-distinct-44    29.92s
2025-04-03 11:04:10 PM morph_gac250   penny_head           6.89s
2025-04-03 11:04:47 PM morph_gac300   penny_head           8.16s
2025-04-04 12:03:24 AM morph_gac250   coins-distinct-44    38.12s
2025-04-04 12:11:29 AM morph_gac250   coins-distinct-44    38.21s
2025-04-04 12:15:57 AM morph_gac250   coins-distinct-44    38.38s
2025-04-11 12:10:03 PM morph_gacsw250 coins-distinct-44    27.96s
2025-04-11 12:29:47 PM morph_gacsw250 coins-distinct-44    27.99s
2025-04-11 12:32:10 PM morph_gacsw500 coins-distinct-44    55.74s
2025-04-11 12:45:58 PM morph_gacsw250 coins-distinct-44    29.39s window_size 100, 100; step 50, 50
2025-04-11 02:07:03 PM morph_gacsw25  coins-distinct-44    3.10s
2025-04-11 02:07:23 PM morph_gacsw100 coins-distinct-44    10.91s
2025-04-11 02:08:07 PM morph_gacsw75  coins-distinct-44    8.27s
2025-04-11 02:09:23 PM morph_gacsw50  coins-distinct-44    5.69s
2025-04-11 02:14:27 PM morph_gac400   coins-distinct-44    12.50s
2025-04-11 02:17:40 PM morph_gacsw50  coins-distinct-44    5.71s
2025-04-11 02:28:42 PM morph_gacsw50  coins-distinct-44    5.58s
2025-04-11 02:29:03 PM morph_gacsw100 coins-distinct-44    10.75s
2025-04-11 02:29:23 PM morph_gacsw100 coins-distinct-44    10.79s
2025-04-11 02:29:49 PM morph_gacsw100 coins-distinct-44    10.70s
2025-04-11 02:30:37 PM morph_gacsw100 coins-distinct-44    11.12s
2025-04-11 02:31:11 PM morph_gacsw100 coins-distinct-44    10.99s
2025-04-11 02:31:52 PM morph_gacsw100 coins-distinct-44    11.48s
2025-04-11 02:35:29 PM morph_gacsw100 0.900000 coins-distinct-44    11.20s
2025-04-11 02:47:36 PM morph_gacsw100 0.900000 coins-distinct-44    19.72s
